SF:lib\features\crews\services\counter_service.dart
DA:9,1
DA:24,1
DA:28,1
DA:30,3
DA:31,1
DA:32,1
DA:33,1
DA:35,1
DA:39,4
DA:41,3
DA:47,1
DA:50,1
DA:52,1
DA:53,1
DA:57,2
DA:63,0
DA:65,0
DA:68,0
DA:69,0
DA:73,0
DA:78,0
DA:86,1
DA:88,1
DA:89,1
DA:90,1
DA:91,1
DA:93,4
DA:94,3
DA:100,0
DA:102,0
DA:112,1
DA:113,1
DA:114,1
DA:118,1
DA:119,1
DA:120,1
DA:121,3
DA:124,2
DA:128,0
DA:130,0
DA:138,1
DA:140,1
DA:141,1
DA:142,1
DA:144,1
DA:146,1
DA:148,2
DA:151,1
DA:156,0
DA:158,0
LF:50
LH:38
end_of_record
SF:lib\utils\crew_utils.dart
DA:8,1
DA:9,2
DA:13,1
DA:14,4
DA:19,2
DA:28,0
DA:33,0
DA:37,0
DA:38,0
DA:39,0
DA:40,0
DA:43,0
DA:46,0
DA:47,0
DA:48,0
DA:50,0
DA:51,0
DA:53,0
DA:54,0
DA:57,0
DA:58,0
DA:68,0
DA:77,1
DA:86,2
DA:87,2
DA:90,6
DA:91,6
DA:92,5
DA:94,5
DA:96,1
DA:100,1
DA:101,2
DA:106,0
DA:112,0
LF:34
LH:15
end_of_record
